[15350] Error loading Python lib '/home/types/4500/github/1033/Santorini/Common/dist/xboard/libpython3.6m.so.1.0': dlopen: /lib64/libc.so.6: version `GLIBC_2.25' not found (required by /home/types/4500/github/1033/Santorini/Common/dist/xboard/libpython3.6m.so.1.0)
[15353] Error loading Python lib '/home/types/4500/github/1033/Santorini/Common/dist/xboard/libpython3.6m.so.1.0': dlopen: /lib64/libc.so.6: version `GLIBC_2.25' not found (required by /home/types/4500/github/1033/Santorini/Common/dist/xboard/libpython3.6m.so.1.0)
[15356] Error loading Python lib '/home/types/4500/github/1033/Santorini/Common/dist/xboard/libpython3.6m.so.1.0': dlopen: /lib64/libc.so.6: version `GLIBC_2.25' not found (required by /home/types/4500/github/1033/Santorini/Common/dist/xboard/libpython3.6m.so.1.0)
[15359] Error loading Python lib '/home/types/4500/github/1033/Santorini/Common/dist/xboard/libpython3.6m.so.1.0': dlopen: /lib64/libc.so.6: version `GLIBC_2.25' not found (required by /home/types/4500/github/1033/Santorini/Common/dist/xboard/libpython3.6m.so.1.0)
[15362] Error loading Python lib '/home/types/4500/github/1033/Santorini/Common/dist/xboard/libpython3.6m.so.1.0': dlopen: /lib64/libc.so.6: version `GLIBC_2.25' not found (required by /home/types/4500/github/1033/Santorini/Common/dist/xboard/libpython3.6m.so.1.0)
(testing xboard)
(testing ../../../18SwDev/Code/6/board-tests/1-in.json ../../../18SwDev/Code/6/board-tests/1-out.json)
---------------------------------
(*** score 0)
(*** on)
'((("0a1" "0a2") () ("0b1" "0b2"))
  ("move" "a2" ("PUT" "SOUTH"))
  ("build" "a2" ("PUT" "NORTH")))
(*** expected)
'(() ())
(*** but received)
'(((pretty fast with-newline plain-unicode) ()))
(FAILED ../../../18SwDev/Code/6/board-tests/1-in.json)
(testing ../../../18SwDev/Code/6/board-tests/2-in.json ../../../18SwDev/Code/6/board-tests/2-out.json)
---------------------------------
(*** score 0)
(*** on)
'((("0a1" "0a2") () ("0b1" "0b2"))
  ("occupied?" "a2" ("PUT" "SOUTH"))
  ("height" "a2" ("PUT" "SOUTH"))
  ("move" "a2" ("PUT" "SOUTH"))
  ("build" "a2" ("PUT" "NORTH"))
  ("height" "a2" ("PUT" "NORTH")))
(*** expected)
'("no" 0 () () 1)
(*** but received)
'(((pretty fast with-newline plain-unicode) ()))
(FAILED ../../../18SwDev/Code/6/board-tests/2-in.json)
(testing ../../../18SwDev/Code/6/board-tests/3-in.json ../../../18SwDev/Code/6/board-tests/3-out.json)
---------------------------------
(*** score 0)
(*** on)
'((("1a1" "2a2") ("2b1" "3b2"))
  ("move" "a2" ("EAST" "SOUTH"))
  ("occupied?" "a2" ("PUT" "SOUTH"))
  ("height" "a2" ("PUT" "SOUTH"))
  ("build" "a2" ("PUT" "SOUTH"))
  ("height" "a2" ("PUT" "SOUTH")))
(*** expected)
'(() "no" 0 () 1)
(*** but received)
'(((pretty fast with-newline plain-unicode) ()))
(FAILED ../../../18SwDev/Code/6/board-tests/3-in.json)
(testing ../../../18SwDev/Code/6/board-tests/4-in.json ../../../18SwDev/Code/6/board-tests/4-out.json)
---------------------------------
(*** score 0)
(*** on)
'((("1a1" "2a2") ("2b1" "3b2"))
  ("move" "a2" ("PUT" "SOUTH"))
  ("occupied?" "a1" ("EAST" "SOUTH"))
  ("height" "a1" ("PUT" "SOUTH"))
  ("build" "a1" ("EAST" "SOUTH")))
(*** expected)
'(() "yes" 2 ())
(*** but received)
'(((pretty fast with-newline plain-unicode) ()))
(FAILED ../../../18SwDev/Code/6/board-tests/4-in.json)
(testing ../../../18SwDev/Code/6/board-tests/5-in.json ../../../18SwDev/Code/6/board-tests/5-out.json)
---------------------------------
(*** score 0)
(*** on)
'((("1a1" "1a2") (3 "3b1" "3b2"))
  ("occupied?" "a1" ("PUT" "SOUTH"))
  ("height" "a1" ("PUT" "SOUTH"))
  ("move" "a1" ("PUT" "SOUTH")))
(*** expected)
'("no" 3 ())
(*** but received)
'(((pretty fast with-newline plain-unicode) ()))
(FAILED ../../../18SwDev/Code/6/board-tests/5-in.json)
(tested xboard successfully on 0 cases out of 5)

