(testing /home/types/4500/github/3014/7/rules-tests-0/1-in.json /home/types/4500/github/3014/7/rules-tests-0/1-out.json)
main: +build specification expected, given: '("+build" "picard1" ("EAST" "PUT"))
(testing /home/types/4500/18SwDev/Code/7/xrules)
---------------------------------
(*** score 0)
(*** on)
'(((0 "0picard1" 0 0 0 0)
   (0 0 0 0 0 "0picard2")
   (0 0 0 0 0 0)
   (0 "0riker1" 0 0 0 0)
   (0 0 0 0 0 0)
   (0 0 0 "0riker2" 0 0))
  ("move" "picard1" ("EAST" "PUT"))
  ("+build" "picard1" ("EAST" "PUT"))
  ((0 0 "0picard1" 1 0 0)
   (0 0 0 0 0 "0picard2")
   (0 0 0 0 0 0)
   (0 "0riker1" 0 0 0 0)
   (0 0 0 0 0 0)
   (0 0 0 "0riker2" 0 0))
  ("move" "riker1" ("WEST" "NORTH"))
  ("+build" "riker1" ("WEST" "PUT")))
(*** expected)
'("yes" "no")
(*** but received)
'(((pretty fast with-newline plain-unicode) ()))
(FAILED /home/types/4500/github/3014/7/rules-tests-0/1-in.json)
(tested /home/types/4500/18SwDev/Code/7/xrules successfully on 0 cases out of 1)
(testing /home/types/4500/github/3014/7/rules-tests-1/2-in.json /home/types/4500/github/3014/7/rules-tests-1/2-out.json)
main: +build specification expected, given: '("+build" "data2" ("PUT" "SOUTH"))
(testing /home/types/4500/18SwDev/Code/7/xrules)
---------------------------------
(*** score 0)
(*** on)
'(((0 "0data1" 0 0 0 0)
   (0 "0data2" 2 0 0 0)
   (2 3 2 0 0 0)
   (2 "2worf1" 2 0 0 0)
   (2 2 2 3 3 0)
   (3 3 3 "0worf2" 3 0))
  ("move" "data2" ("EAST" "PUT"))
  ("+build" "data2" ("PUT" "SOUTH")))
(*** expected)
'("no")
(*** but received)
'(((pretty fast with-newline plain-unicode) ()))
(FAILED /home/types/4500/github/3014/7/rules-tests-1/2-in.json)
(tested /home/types/4500/18SwDev/Code/7/xrules successfully on 0 cases out of 1)
(testing /home/types/4500/github/3014/7/rules-tests-2/3-in.json /home/types/4500/github/3014/7/rules-tests-2/3-out.json)
main: +build specification expected, given: '("+build" "worf1" ("PUT" "NORTH"))
(testing /home/types/4500/18SwDev/Code/7/xrules)
---------------------------------
(*** score 0)
(*** on)
'(((0 "0data1" 0 0 0 0)
   (0 0 0 0 0 "0data2")
   (2 3 2 0 0 0)
   (2 "2worf1" 2 0 0 0)
   (2 2 2 3 3 0)
   (3 3 3 "0worf2" 3 0))
  ("move" "data2" ("WEST" "NORTH"))
  ("+build" "worf1" ("PUT" "NORTH")))
(*** expected)
'("no")
(*** but received)
'(((pretty fast with-newline plain-unicode) ()))
(FAILED /home/types/4500/github/3014/7/rules-tests-2/3-in.json)
(tested /home/types/4500/18SwDev/Code/7/xrules successfully on 0 cases out of 1)
(testing /home/types/4500/github/3014/7/rules-tests-3/4-in.json /home/types/4500/github/3014/7/rules-tests-3/4-out.json)
main: +build specification expected, given: '("+build" "worf1" ("PUT" "NORTH"))
(testing /home/types/4500/18SwDev/Code/7/xrules)
---------------------------------
(*** score 0)
(*** on)
'(((0 "0data1" 0 0 0 0)
   (0 0 0 0 0 "0data2")
   (2 3 2 0 0 0)
   (2 "2worf1" 2 0 0 0)
   (2 2 2 3 3 0)
   (3 3 3 "0worf2" 3 0))
  ("move" "worf1" ("PUT" "NORTH"))
  ("+build" "worf1" ("PUT" "NORTH")))
(*** expected)
'("yes")
(*** but received)
'(((pretty fast with-newline plain-unicode) ()))
(FAILED /home/types/4500/github/3014/7/rules-tests-3/4-in.json)
(tested /home/types/4500/18SwDev/Code/7/xrules successfully on 0 cases out of 1)
(testing /home/types/4500/github/3014/7/rules-tests-4/5-in.json /home/types/4500/github/3014/7/rules-tests-4/5-out.json)
main: +build specification expected, given: '("+build" "data2" ("EAST" "NORTH"))
(testing /home/types/4500/18SwDev/Code/7/xrules)
---------------------------------
(*** score 0)
(*** on)
'(((0 "0data1" 0 0 0 0)
   (0 "0data2" 2 0 0 0)
   (2 3 2 0 0 0)
   (2 "2worf1" 2 0 0 0)
   (2 2 2 3 3 0)
   (3 3 3 "0worf2" 3 0))
  ("move" "data2" ("WEST" "PUT"))
  ("+build" "data2" ("EAST" "NORTH")))
(*** expected)
'("no")
(*** but received)
'(((pretty fast with-newline plain-unicode) ()))
(FAILED /home/types/4500/github/3014/7/rules-tests-4/5-in.json)
(tested /home/types/4500/18SwDev/Code/7/xrules successfully on 0 cases out of 1)

