(testing /course/cs4500f18/ta/github/3014/8/strategy-tests-0/1-in.json /course/cs4500f18/ta/github/3014/8/strategy-tests-0/1-out.json)
(testing /home/samc/sw-dev/18SwDev/Code/8/xstrategy)
(PASSED /course/cs4500f18/ta/github/3014/8/strategy-tests-0/1-in.json)
(tested /home/samc/sw-dev/18SwDev/Code/8/xstrategy successfully on 1 cases out of 1)
(testing /course/cs4500f18/ta/github/3014/8/strategy-tests-1/2-in.json /course/cs4500f18/ta/github/3014/8/strategy-tests-1/2-out.json)
check-build-up: contract violation
  expected: (and/c worker? ...Common/board.rkt:207:0)
  given: (worker "one1")
  in: the t argument of
      (->i
       ((b board?)
        (t (b) (and/c worker? (on-board? b)))
        (e-w (or/c 0 1 -1))
        (n-s (or/c -1 1 0))
        (b-e-w (or/c 0 1 -1))
        (b-n-s (or/c -1 1 0)))
       (r boolean?))
  contract from: 
      <pkgs>/Santorini/Code/Common/rule-checking.rkt
  blaming: /home/samc/sw-dev/18SwDev/Code/8/xstrategy
   (assuming the contract is correct)
  at: <pkgs>/Santorini/Code/Common/rule-checking.rkt:33.3
  context...:
   /proj/racket/plt-released/recent/collects/racket/contract/private/blame.rkt:159:0: raise-blame-error16
   ...on/rule-checking.rkt:36:3
   /home/samc/sw-dev/18SwDev/Code/8/xstrategy:49:0: main
(testing /home/samc/sw-dev/18SwDev/Code/8/xstrategy)
---------------------------------
(*** score 0)
(*** on)
'("data"
  (("0data1" "0data2") (3 0) ("0worf1" "0worf2"))
  3
  ("move" "one1" ("EAST" "SOUTH"))
  ("+build" ("WEST" "PUT")))
(*** expected)
'("yes")
(*** but received)
'(((pretty fast with-newline plain-unicode) ()))
(FAILED /course/cs4500f18/ta/github/3014/8/strategy-tests-1/2-in.json)
(tested /home/samc/sw-dev/18SwDev/Code/8/xstrategy successfully on 0 cases out of 1)
(testing /course/cs4500f18/ta/github/3014/8/strategy-tests-2/3-in.json /course/cs4500f18/ta/github/3014/8/strategy-tests-2/3-out.json)
main: ill-formed board specification given: '(("2data1" "1worf2" "2data1") (2 0 2) (0 0 0 2 2 2) (0 0 2 0 2 "0worf1"))
  context...:
   /proj/racket/plt-released/recent/collects/racket/match/compiler.rkt:418:15: parse-loop36
   /home/samc/sw-dev/18SwDev/Code/8/xstrategy:49:0: main
(testing /home/samc/sw-dev/18SwDev/Code/8/xstrategy)
---------------------------------
(*** score 0)
(*** on)
'("worf"
  (("2data1" "1worf2" "2data1") (2 0 2) (0 0 0 2 2 2) (0 0 2 0 2 "0worf1"))
  1
  ("move" "worf2" ("PUT" "SOUTH"))
  ("+build" ("PUT" "NORTH")))
(*** expected)
'("yes")
(*** but received)
'(((pretty fast with-newline plain-unicode) ()))
(FAILED /course/cs4500f18/ta/github/3014/8/strategy-tests-2/3-in.json)
(tested /home/samc/sw-dev/18SwDev/Code/8/xstrategy successfully on 0 cases out of 1)
(testing /course/cs4500f18/ta/github/3014/8/strategy-tests-3/4-in.json /course/cs4500f18/ta/github/3014/8/strategy-tests-3/4-out.json)
main: ill-formed board specification given: '(("2data1" "1worf2" "2data1") (2 0 2) (0 0 0 2 2 2) (0 0 2 0 2 "0worf1"))
  context...:
   /proj/racket/plt-released/recent/collects/racket/match/compiler.rkt:418:15: parse-loop36
   /home/samc/sw-dev/18SwDev/Code/8/xstrategy:49:0: main
(testing /home/samc/sw-dev/18SwDev/Code/8/xstrategy)
---------------------------------
(*** score 0)
(*** on)
'("worf"
  (("2data1" "1worf2" "2data1") (2 0 2) (0 0 0 2 2 2) (0 0 2 0 2 "0worf1"))
  4
  ("move" "worf2" ("PUT" "SOUTH"))
  ("+build" ("PUT" "NORTH")))
(*** expected)
'("no")
(*** but received)
'(((pretty fast with-newline plain-unicode) ()))
(FAILED /course/cs4500f18/ta/github/3014/8/strategy-tests-3/4-in.json)
(tested /home/samc/sw-dev/18SwDev/Code/8/xstrategy successfully on 0 cases out of 1)
(testing /course/cs4500f18/ta/github/3014/8/strategy-tests-4/5-in.json /course/cs4500f18/ta/github/3014/8/strategy-tests-4/5-out.json)
(testing /home/samc/sw-dev/18SwDev/Code/8/xstrategy)
(PASSED /course/cs4500f18/ta/github/3014/8/strategy-tests-4/5-in.json)
(tested /home/samc/sw-dev/18SwDev/Code/8/xstrategy successfully on 1 cases out of 1)

