(testing /home/types/4500/github/2756/7/rules-tests-0/1-in.json /home/types/4500/github/2756/7/rules-tests-0/1-out.json)
check-move: contract violation
  expected: (and/c worker? ...Common/board.rkt:204:0)
  given: (worker "p1")
  in: the t argument of
      (->i
       ((b board?)
        (t (b) (and/c worker? (on-board? b)))
        (e-w (or/c 0 1 -1))
        (n-s (or/c -1 1 0)))
       (r boolean?))
  contract from: 
      <pkgs>/Santorini/Code/Common/rule-checking.rkt
  blaming: /home/types/4500/18SwDev/Code/7/xrules
   (assuming the contract is correct)
  at: <pkgs>/Santorini/Code/Common/rule-checking.rkt:28.3
  context...:
   /proj/racket/plt-released/recent/collects/racket/contract/private/blame.rkt:159:0: raise-blame-error16
   ...on/rule-checking.rkt:30:3
   /home/types/4500/18SwDev/Code/7/xrules:43:0: main
(testing /home/types/4500/18SwDev/Code/7/xrules)
---------------------------------
(*** score 0)
(*** on)
'(((0 1 2 3 4 0) ("0a1" "0b1" 0 0 0 0) (0 0 0 0 0 0) (0 0 "1a2" "2b2" 0 0))
  ("move" "p1" ("EAST" "PUT")))
(*** expected)
'("no")
(*** but received)
'(((pretty fast with-newline plain-unicode) ()))
(FAILED /home/types/4500/github/2756/7/rules-tests-0/1-in.json)
(tested /home/types/4500/18SwDev/Code/7/xrules successfully on 0 cases out of 1)
(testing /home/types/4500/github/2756/7/rules-tests-1/2-in.json /home/types/4500/github/2756/7/rules-tests-1/2-out.json)
error: contract violation
  expected: (or/c string? symbol?)
  given: #<procedure:string->e-w>
  argument position: 1st
  other arguments...:
   "NORTH or SOUTH or PUT expected, given ~e"
   "EAST"
  context...:
   /proj/racket/plt-released/recent/collects/racket/contract/private/arrow-val-first.rkt:357:18
   /home/types/4500/18SwDev/Code/7/xrules:70:0: conversion
   /home/types/4500/18SwDev/Code/7/xrules:43:0: main
(testing /home/types/4500/18SwDev/Code/7/xrules)
---------------------------------
(*** score 0)
(*** on)
'(((0 1 2 3 4 0) ("0a1" "0b1" 0 0 0 0) (0 0 0 0 0 0) (0 0 "1a2" "2b2" 0 0))
  ("move" "b1" ("EAST" "NORTH"))
  ("+build" ("PUT" "EAST")))
(*** expected)
'("no")
(*** but received)
'(((pretty fast with-newline plain-unicode) ()))
(FAILED /home/types/4500/github/2756/7/rules-tests-1/2-in.json)
(tested /home/types/4500/18SwDev/Code/7/xrules successfully on 0 cases out of 1)
(testing /home/types/4500/github/2756/7/rules-tests-2/3-in.json /home/types/4500/github/2756/7/rules-tests-2/3-out.json)
(testing /home/types/4500/18SwDev/Code/7/xrules)
(PASSED /home/types/4500/github/2756/7/rules-tests-2/3-in.json)
(tested /home/types/4500/18SwDev/Code/7/xrules successfully on 1 cases out of 1)
(testing /home/types/4500/github/2756/7/rules-tests-3/4-in.json /home/types/4500/github/2756/7/rules-tests-3/4-out.json)
(testing /home/types/4500/18SwDev/Code/7/xrules)
(PASSED /home/types/4500/github/2756/7/rules-tests-3/4-in.json)
(tested /home/types/4500/18SwDev/Code/7/xrules successfully on 1 cases out of 1)
(testing /home/types/4500/github/2756/7/rules-tests-4/5-in.json /home/types/4500/github/2756/7/rules-tests-4/5-out.json)
(testing /home/types/4500/18SwDev/Code/7/xrules)
(PASSED /home/types/4500/github/2756/7/rules-tests-4/5-in.json)
(tested /home/types/4500/18SwDev/Code/7/xrules successfully on 1 cases out of 1)

