(testing /home/types/4500/18SwDev/Code/7/rules-tests/1-in.json /home/types/4500/18SwDev/Code/7/rules-tests/1-out.json)
(testing /home/types/4500/18SwDev/Code/7/rules-tests/2-in.json /home/types/4500/18SwDev/Code/7/rules-tests/2-out.json)
(testing /home/types/4500/18SwDev/Code/7/rules-tests/3-in.json /home/types/4500/18SwDev/Code/7/rules-tests/3-out.json)
(testing /home/types/4500/18SwDev/Code/7/rules-tests/4-in.json /home/types/4500/18SwDev/Code/7/rules-tests/4-out.json)
Exception in thread "main" java.lang.ArrayIndexOutOfBoundsException: -1
	at java.util.ArrayList.elementData(ArrayList.java:422)
	at java.util.ArrayList.get(ArrayList.java:435)
	at Common.Board.get(Board.java:107)
	at Common.Command.AddFloor.isValid(AddFloor.java:47)
	at Common.RuleChecker.isValid(RuleChecker.java:49)
	at TestHarness.XRulesController.moveBuild(XRulesController.java:129)
	at TestHarness.XRulesController.parseCommand(XRulesController.java:83)
	at TestHarness.AXController.run(AXController.java:87)
	at TestHarness.XRules.main(XRules.java:29)
(testing /home/types/4500/18SwDev/Code/7/rules-tests/5-in.json /home/types/4500/18SwDev/Code/7/rules-tests/5-out.json)
(testing /home/types/4500/github/2756/7/xrules)
(PASSED /home/types/4500/18SwDev/Code/7/rules-tests/1-in.json)
(PASSED /home/types/4500/18SwDev/Code/7/rules-tests/2-in.json)
(PASSED /home/types/4500/18SwDev/Code/7/rules-tests/3-in.json)
---------------------------------
(*** score 0)
(*** on)
'((("1a1" "2a2") ("2b1" "3b2"))
  ("move" "a2" ("EAST" "PUT"))
  ("+build" ("PUT" "NORTH")))
(*** expected)
'("no")
(*** but received)
'(((pretty fast with-newline plain-unicode) ()))
(FAILED /home/types/4500/18SwDev/Code/7/rules-tests/4-in.json)
(PASSED /home/types/4500/18SwDev/Code/7/rules-tests/5-in.json)
(tested /home/types/4500/github/2756/7/xrules successfully on 4 cases out of 5)

