(testing /home/types/4500/github/2355/7/rules-tests-0/1-in.json /home/types/4500/github/2355/7/rules-tests-0/1-out.json)
error: contract violation
  expected: (or/c string? symbol?)
  given: #<procedure:string->e-w>
  argument position: 1st
  other arguments...:
   "NORTH or SOUTH or PUT expected, given ~e"
   "EAST"
  context...:
   /proj/racket/plt-released/recent/collects/racket/contract/private/arrow-val-first.rkt:357:18
   /home/types/4500/18SwDev/Code/7/xrules:70:0: conversion
   /home/types/4500/18SwDev/Code/7/xrules:43:0: main
(testing /home/types/4500/18SwDev/Code/7/xrules)
---------------------------------
(*** score 0)
(*** on)
'(((0 0 0 0 0 0)
   (0 0 "0kb1" 0 0 0)
   (0 0 0 0 0 "0gp2")
   (0 0 0 0 "0kb2" 0)
   (0 0 0 0 0 0)
   (0 "0gp1" 0 0 0 0))
  ("move" "gp1" ("PUT" "SOUTH"))
  ("+build" ("PUT" "EAST"))
  ((0 0 0 0 0 0)
   (0 0 "0kb1" 0 0 0)
   (0 0 0 0 0 "0gp2")
   (0 0 0 0 "0kb2" 0)
   (0 0 0 0 0 0)
   (0 "0gp1" 0 0 0 0))
  ("move" "gp1" ("PUT" "NORTH")))
(*** expected)
'("no" "yes")
(*** but received)
'(((pretty fast with-newline plain-unicode) ()))
(FAILED /home/types/4500/github/2355/7/rules-tests-0/1-in.json)
(tested /home/types/4500/18SwDev/Code/7/xrules successfully on 0 cases out of 1)
(testing /home/types/4500/github/2355/7/rules-tests-1/2-in.json /home/types/4500/github/2355/7/rules-tests-1/2-out.json)
error: contract violation
  expected: (or/c string? symbol?)
  given: #<procedure:string->e-w>
  argument position: 1st
  other arguments...:
   "NORTH or SOUTH or PUT expected, given ~e"
   "WEST"
  context...:
   /proj/racket/plt-released/recent/collects/racket/contract/private/arrow-val-first.rkt:357:18
   /home/types/4500/18SwDev/Code/7/xrules:70:0: conversion
   /home/types/4500/18SwDev/Code/7/xrules:43:0: main
(testing /home/types/4500/18SwDev/Code/7/xrules)
---------------------------------
(*** score 0)
(*** on)
'(((0 0 0 0 0 0)
   (0 0 "0kb1" 0 0 0)
   (0 0 0 0 0 "0gp2")
   (0 0 0 0 "0kb2" 0)
   (0 0 0 0 0 0)
   (4 "0gp1" 0 0 0 0))
  ("move" "gp1" ("PUT" "WEST")))
(*** expected)
'("no")
(*** but received)
'(((pretty fast with-newline plain-unicode) ()))
(FAILED /home/types/4500/github/2355/7/rules-tests-1/2-in.json)
(tested /home/types/4500/18SwDev/Code/7/xrules successfully on 0 cases out of 1)
(testing /home/types/4500/github/2355/7/rules-tests-2/3-in.json /home/types/4500/github/2355/7/rules-tests-2/3-out.json)
error: contract violation
  expected: (or/c string? symbol?)
  given: #<procedure:string->e-w>
  argument position: 1st
  other arguments...:
   "NORTH or SOUTH or PUT expected, given ~e"
   "WEST"
  context...:
   /proj/racket/plt-released/recent/collects/racket/contract/private/arrow-val-first.rkt:357:18
   /home/types/4500/18SwDev/Code/7/xrules:70:0: conversion
   /home/types/4500/18SwDev/Code/7/xrules:43:0: main
(testing /home/types/4500/18SwDev/Code/7/xrules)
---------------------------------
(*** score 0)
(*** on)
'(((0 0 0 0 0 0)
   (0 0 "0kb1" 0 0 0)
   (0 0 0 0 0 "0gp2")
   (0 0 0 0 "0kb2" 0)
   (4 0 0 0 0 0)
   (1 "0gp1" 0 0 0 0))
  ("move" "gp1" ("PUT" "WEST"))
  ("+build" "gp1" ("PUT" "NORTH")))
(*** expected)
'("no")
(*** but received)
'(((pretty fast with-newline plain-unicode) ()))
(FAILED /home/types/4500/github/2355/7/rules-tests-2/3-in.json)
(tested /home/types/4500/18SwDev/Code/7/xrules successfully on 0 cases out of 1)
(testing /home/types/4500/github/2355/7/rules-tests-3/4-in.json /home/types/4500/github/2355/7/rules-tests-3/4-out.json)
error: contract violation
  expected: (or/c string? symbol?)
  given: #<procedure:string->e-w>
  argument position: 1st
  other arguments...:
   "NORTH or SOUTH or PUT expected, given ~e"
   "EAST"
  context...:
   /proj/racket/plt-released/recent/collects/racket/contract/private/arrow-val-first.rkt:357:18
   /home/types/4500/18SwDev/Code/7/xrules:70:0: conversion
   /home/types/4500/18SwDev/Code/7/xrules:43:0: main
(testing /home/types/4500/18SwDev/Code/7/xrules)
---------------------------------
(*** score 0)
(*** on)
'(((0 0 0 0 0 0)
   (0 0 "0kb1" 0 0 0)
   (0 0 0 0 0 "0gp2")
   (0 0 0 0 "0kb2" 0)
   (0 0 0 0 0 0)
   (2 "0gp1" 0 0 0 0))
  ("move" "gp1" ("PUT" "EAST"))
  ("+build" ("PUT" "NORTH")))
(*** expected)
'("no")
(*** but received)
'(((pretty fast with-newline plain-unicode) ()))
(FAILED /home/types/4500/github/2355/7/rules-tests-3/4-in.json)
(tested /home/types/4500/18SwDev/Code/7/xrules successfully on 0 cases out of 1)
(testing /home/types/4500/github/2355/7/rules-tests-4/5-in.json /home/types/4500/github/2355/7/rules-tests-4/5-out.json)
error: contract violation
  expected: (or/c string? symbol?)
  given: #<procedure:string->e-w>
  argument position: 1st
  other arguments...:
   "NORTH or SOUTH or PUT expected, given ~e"
   "EAST"
  context...:
   /proj/racket/plt-released/recent/collects/racket/contract/private/arrow-val-first.rkt:357:18
   /home/types/4500/18SwDev/Code/7/xrules:70:0: conversion
   /home/types/4500/18SwDev/Code/7/xrules:43:0: main
(testing /home/types/4500/18SwDev/Code/7/xrules)
---------------------------------
(*** score 0)
(*** on)
'(((0 0 0 0 0 0)
   (0 0 "0kb1" 0 0 0)
   (0 0 0 0 0 "0gp2")
   (0 0 0 0 0 "0kb2")
   (0 0 0 0 0 0)
   (0 "0gp1" 0 0 0 0))
  ("move" "kb2" ("PUT" "NORTH"))
  ("+build" ("PUT" "EAST"))
  ((0 0 0 0 0 0)
   (0 0 "0kb1" 0 0 0)
   (0 0 0 0 0 "0gp2")
   (0 0 0 0 0 "0kb2")
   (0 0 0 0 0 0)
   (0 "0gp1" 0 0 0 0))
  ("move" "kb2" ("EAST" "NORTH"))
  ("+build" ("PUT" "WEST")))
(*** expected)
'("no" "no")
(*** but received)
'(((pretty fast with-newline plain-unicode) ()))
(FAILED /home/types/4500/github/2355/7/rules-tests-4/5-in.json)
(tested /home/types/4500/18SwDev/Code/7/xrules successfully on 0 cases out of 1)

