(testing /home/types/4500/github/7846/7/rules-tests-0/1-in.json /home/types/4500/github/7846/7/rules-tests-0/1-out.json)
(testing /home/types/4500/18SwDev/Code/7/xrules)
(PASSED /home/types/4500/github/7846/7/rules-tests-0/1-in.json)
(tested /home/types/4500/18SwDev/Code/7/xrules successfully on 1 cases out of 1)
(testing /home/types/4500/github/7846/7/rules-tests-1/2-in.json /home/types/4500/github/7846/7/rules-tests-1/2-out.json)
(testing /home/types/4500/18SwDev/Code/7/xrules)
---------------------------------
(*** score 0)
(*** on)
'(((0 0 0 0 0 0)
   ("0aaron1" 0 0 0 0 "0aaron2")
   (0 0 0 0 0 0)
   (0 0 0 0 0 0)
   (0 "0danny1" 0 0 0 0)
   (0 0 0 0 0 "0danny2"))
  ("move" "aaron1" ("PUT" "SOUTH"))
  ("+build" ("PUT" "NORTH"))
  ((0 0 0 0 0 0)
   (1 0 0 0 0 "0aaron2")
   ("0aaron1" 0 0 0 0 0)
   (0 0 0 0 0 0)
   (0 "0danny1" 0 0 0 0)
   (0 0 0 0 0 "0danny2"))
  ("move" "danny2" ("PUT" "SOUTH")))
(*** expected)
'("no")
(*** but received)
'(((pretty fast with-newline plain-unicode) ("yes")))
(FAILED /home/types/4500/github/7846/7/rules-tests-1/2-in.json)
(tested /home/types/4500/18SwDev/Code/7/xrules successfully on 0 cases out of 1)
(testing /home/types/4500/github/7846/7/rules-tests-2/3-in.json /home/types/4500/github/7846/7/rules-tests-2/3-out.json)
(testing /home/types/4500/18SwDev/Code/7/xrules)
---------------------------------
(*** score 0)
(*** on)
'(((0 0 0 0 0 0)
   ("2aaron1" 4 0 0 0 "0aaron2")
   (0 0 0 0 0 0)
   (0 0 0 0 0 0)
   (0 "0danny1" 0 0 0 0)
   (0 0 0 0 0 "2danny2"))
  ("move" "danny2" ("WEST" "PUT"))
  ("+build" ("EAST" "PUT"))
  ((0 0 0 0 0 0)
   ("2aaron1" 4 0 0 0 "0aaron2")
   (0 0 0 0 0 0)
   (0 0 0 0 0 0)
   (0 "0danny1" 0 0 0 0)
   (0 0 0 0 "0danny2" 3))
  ("move" "aaron1" ("EAST" "PUT")))
(*** expected)
'("no")
(*** but received)
'(((pretty fast with-newline plain-unicode) ("yes")))
(FAILED /home/types/4500/github/7846/7/rules-tests-2/3-in.json)
(tested /home/types/4500/18SwDev/Code/7/xrules successfully on 0 cases out of 1)
(testing /home/types/4500/github/7846/7/rules-tests-3/4-in.json /home/types/4500/github/7846/7/rules-tests-3/4-out.json)
(testing /home/types/4500/18SwDev/Code/7/xrules)
(PASSED /home/types/4500/github/7846/7/rules-tests-3/4-in.json)
(tested /home/types/4500/18SwDev/Code/7/xrules successfully on 1 cases out of 1)
(testing /home/types/4500/github/7846/7/rules-tests-4/5-in.json /home/types/4500/github/7846/7/rules-tests-4/5-out.json)
main: +build specification expected, given: '((0 0 0 0 "3aaron2" 0) ("0aaron1" 0 0 0 0 2) (0 0 0 0 0 0) (0 0 0 0 0 0) (0 "0danny1" 0 0 0 0) (0 0 0 0 0 "0danny2"))
(testing /home/types/4500/18SwDev/Code/7/xrules)
---------------------------------
(*** score 0)
(*** on)
'(((0 0 0 0 3 0)
   ("0aaron1" 0 0 0 0 "2aaron2")
   (0 0 0 0 0 0)
   (0 0 0 0 0 0)
   (0 "0danny1" 0 0 0 0)
   (0 0 0 0 0 "0danny2"))
  ("move" "aaron2" ("WEST" "NORTH"))
  ((0 0 0 0 "3aaron2" 0)
   ("0aaron1" 0 0 0 0 2)
   (0 0 0 0 0 0)
   (0 0 0 0 0 0)
   (0 "0danny1" 0 0 0 0)
   (0 0 0 0 0 "0danny2"))
  ("move" "danny2" ("PUT" "NORTH")))
(*** expected)
'("no")
(*** but received)
'(((pretty fast with-newline plain-unicode) ()))
(FAILED /home/types/4500/github/7846/7/rules-tests-4/5-in.json)
(tested /home/types/4500/18SwDev/Code/7/xrules successfully on 0 cases out of 1)

