(testing /home/types/4500/github/9497/7/rules-tests-0/1-in.json /home/types/4500/github/9497/7/rules-tests-0/1-out.json)
(testing /home/types/4500/18SwDev/Code/7/xrules)
(PASSED /home/types/4500/github/9497/7/rules-tests-0/1-in.json)
(tested /home/types/4500/18SwDev/Code/7/xrules successfully on 1 cases out of 1)
(testing /home/types/4500/github/9497/7/rules-tests-1/2-in.json /home/types/4500/github/9497/7/rules-tests-1/2-out.json)
(testing /home/types/4500/18SwDev/Code/7/xrules)
---------------------------------
(*** score 0)
(*** on)
'((("2a1" "2b1" 0 0 0 0)
   (0 0 0 0 0 0)
   (0 "2b2" 0 0)
   (1)
   (2 2 2 2 2 2)
   (0 0 0 0 0 "2a2"))
  ("move" "a1" ("EAST" "SOUTH")))
(*** expected)
'("no")
(*** but received)
'(((pretty fast with-newline plain-unicode) ("yes")))
(FAILED /home/types/4500/github/9497/7/rules-tests-1/2-in.json)
(tested /home/types/4500/18SwDev/Code/7/xrules successfully on 0 cases out of 1)
(testing /home/types/4500/github/9497/7/rules-tests-2/3-in.json /home/types/4500/github/9497/7/rules-tests-2/3-out.json)
(testing /home/types/4500/18SwDev/Code/7/xrules)
(PASSED /home/types/4500/github/9497/7/rules-tests-2/3-in.json)
(tested /home/types/4500/18SwDev/Code/7/xrules successfully on 1 cases out of 1)
(testing /home/types/4500/github/9497/7/rules-tests-3/4-in.json /home/types/4500/github/9497/7/rules-tests-3/4-out.json)
(testing /home/types/4500/18SwDev/Code/7/xrules)
(PASSED /home/types/4500/github/9497/7/rules-tests-3/4-in.json)
(tested /home/types/4500/18SwDev/Code/7/xrules successfully on 1 cases out of 1)
(testing /home/types/4500/github/9497/7/rules-tests-4/5-in.json /home/types/4500/github/9497/7/rules-tests-4/5-out.json)
main: +build specification expected, given: '("build+" ("EAST" "PUT"))
(testing /home/types/4500/18SwDev/Code/7/xrules)
---------------------------------
(*** score 0)
(*** on)
'((("2a1" 0 4 0 0 0)
   (0 0 0 0 0 0)
   ("2b1" "2b2" 0 0)
   (1)
   (2 2 2 2 2 2)
   (0 0 0 0 0 "3a2"))
  ("move" "a1" ("EAST" "PUT"))
  ("build+" ("EAST" "PUT")))
(*** expected)
'("no")
(*** but received)
'(((pretty fast with-newline plain-unicode) ()))
(FAILED /home/types/4500/github/9497/7/rules-tests-4/5-in.json)
(tested /home/types/4500/18SwDev/Code/7/xrules successfully on 0 cases out of 1)

