(testing /course/cs4500f18/ta/github/6192/8/strategy-tests-0/1-in.json /course/cs4500f18/ta/github/6192/8/strategy-tests-0/1-out.json)
main: valid move+build specification expected, given (list [["0one1" "1one2" 3     "2two1"]
 [0     "2two2" 3    ]]
 (worker "one2") 1 1 1 0)
  context...:
   /home/samc/sw-dev/18SwDev/Code/8/xstrategy:49:0: main
(testing /home/samc/sw-dev/18SwDev/Code/8/xstrategy)
(/course/cs4500f18/ta/github/6192/8/strategy-tests-0/1-out.json is not a JSON file)
---------------------------------
(*** score 0)
(*** on)
'("one"
  (("0one1" "1one2" 3 "2two1") (0 "2two2" 3))
  2
  ("move" "one2" ("EAST" "SOUTH"))
  ("+build" ("EAST" "PUT")))
(*** expected)
#f
(*** but received)
'(((pretty fast with-newline plain-unicode) ()))
(FAILED /course/cs4500f18/ta/github/6192/8/strategy-tests-0/1-in.json)
(tested /home/samc/sw-dev/18SwDev/Code/8/xstrategy successfully on 0 cases out of 1)
(testing /course/cs4500f18/ta/github/6192/8/strategy-tests-1/2-in.json /course/cs4500f18/ta/github/6192/8/strategy-tests-1/2-out.json)
main: valid move+build specification expected, given (list [["0one1" "0one2"]
 [3    ]
 ["0two1" "0two2"]]
 (worker "one1") 1 -1 0 1)
  context...:
   /home/samc/sw-dev/18SwDev/Code/8/xstrategy:49:0: main
(testing /home/samc/sw-dev/18SwDev/Code/8/xstrategy)
(/course/cs4500f18/ta/github/6192/8/strategy-tests-1/2-out.json is not a JSON file)
---------------------------------
(*** score 0)
(*** on)
'("one"
  (("0one1" "0one2") (3 0) ("0two1" "0two2"))
  3
  ("move" "one1" ("EAST" "NORTH"))
  ("+build" ("PUT" "SOUTH"))
  "one"
  (() () (0 0 "0one1" "0one2") () (0 0 0 "0two2" "0two1"))
  3
  ("move" "one1" ("WEST" "SOUTH"))
  ("+build" ("WEST" "PUT")))
(*** expected)
#f
(*** but received)
'(((pretty fast with-newline plain-unicode) ()))
(FAILED /course/cs4500f18/ta/github/6192/8/strategy-tests-1/2-in.json)
(tested /home/samc/sw-dev/18SwDev/Code/8/xstrategy successfully on 0 cases out of 1)
(testing /course/cs4500f18/ta/github/6192/8/strategy-tests-2/3-in.json /course/cs4500f18/ta/github/6192/8/strategy-tests-2/3-out.json)
(testing /home/samc/sw-dev/18SwDev/Code/8/xstrategy)
(/course/cs4500f18/ta/github/6192/8/strategy-tests-2/3-out.json is not a JSON file)
---------------------------------
(*** score 0)
(*** on)
'("one"
  (() () (0 0 "0one1" "0one2") () (0 0 0 "2two2" "0two1") (0 0 0 3))
  0
  ("move" "one1" ("WEST" "SOUTH"))
  ("+build" ("WEST" "PUT"))
  "one"
  (() () (0 0 "0one1" "0one2") () (0 0 0 "2two2" "0two1") (0 0 0 3))
  1
  ("move" "one1" ("WEST" "SOUTH"))
  ("+build" ("WEST" "PUT"))
  "one"
  (() () (0 0 "0one1" "0one2") () (0 0 0 "2two2" "0two1") (0 0 0 3))
  2
  ("move" "one1" ("WEST" "SOUTH"))
  ("+build" ("WEST" "PUT")))
(*** expected)
#f
(*** but received)
'(((pretty fast with-newline plain-unicode) ("yes")))
(FAILED /course/cs4500f18/ta/github/6192/8/strategy-tests-2/3-in.json)
(tested /home/samc/sw-dev/18SwDev/Code/8/xstrategy successfully on 0 cases out of 1)
(testing /course/cs4500f18/ta/github/6192/8/strategy-tests-3/4-in.json /course/cs4500f18/ta/github/6192/8/strategy-tests-3/4-out.json)
main: valid move+build specification expected, given (list [[2     2     2     2     2    ]
 [2     "0one1" 2     0     2    ]
 [2     2     2     "0one2" 2    ]
 [0     "0two2" "0two1"]]
 (worker "one2") -1 0 1 0)
  context...:
   /home/samc/sw-dev/18SwDev/Code/8/xstrategy:49:0: main
(testing /home/samc/sw-dev/18SwDev/Code/8/xstrategy)
(/course/cs4500f18/ta/github/6192/8/strategy-tests-3/4-out.json is not a JSON file)
---------------------------------
(*** score 0)
(*** on)
'("one"
  ((2 2 2 2 2) (2 "0one1" 2 0 2) (2 2 2 "0one2" 2) (0 "0two2" "0two1"))
  3
  ("move" "one2" ("WEST" "PUT"))
  ("+build" ("EAST" "PUT"))
  "one"
  (() () (0 0 "0one1" "0one2") () (0 0 0 "2two2" "0two1") (0 0 0 3))
  3
  ("move" "one1" ("EAST" "PUT"))
  ("+build" ("PUT" "SOUTH"))
  "one"
  (() (2 2) (0 "1one1" 0 "0one2") () (0 0 "1two2" 2 "0two1") (0 0 0 3))
  4
  ("move" "one1" ("WEST" "PUT"))
  ("+build" ("PUT" "SOUTH")))
(*** expected)
#f
(*** but received)
'(((pretty fast with-newline plain-unicode) ()))
(FAILED /course/cs4500f18/ta/github/6192/8/strategy-tests-3/4-in.json)
(tested /home/samc/sw-dev/18SwDev/Code/8/xstrategy successfully on 0 cases out of 1)
(testing /course/cs4500f18/ta/github/6192/8/strategy-tests-4/5-in.json /course/cs4500f18/ta/github/6192/8/strategy-tests-4/5-out.json)
error: format string requires 1 arguments, given 0; arguments were: 'main "depth specification [0,1,2,3,4] expected, given: ~e"
  context...:
   /home/samc/sw-dev/18SwDev/Code/8/xstrategy:49:0: main
(testing /home/samc/sw-dev/18SwDev/Code/8/xstrategy)
(/course/cs4500f18/ta/github/6192/8/strategy-tests-4/5-out.json is not a JSON file)
---------------------------------
(*** score 0)
(*** on)
'("one"
  (() (0 "0one1") (0 2 1 "1one2") (0 "0two1" 2 1) (0 "1two2"))
  5
  ("move" "one2" ("EAST" "PUT"))
  ("+build" ("PUT" "SOUTH")))
(*** expected)
#f
(*** but received)
'(((pretty fast with-newline plain-unicode) ()))
(FAILED /course/cs4500f18/ta/github/6192/8/strategy-tests-4/5-in.json)
(tested /home/samc/sw-dev/18SwDev/Code/8/xstrategy successfully on 0 cases out of 1)

