(testing /home/types/4500/github/3555/7/rules-tests-0/1-in.json /home/types/4500/github/3555/7/rules-tests-0/1-out.json)
main: +build specification expected, given: '(("1d1" "2d2" "1n1" "2n2"))
(testing /home/types/4500/18SwDev/Code/7/xrules)
---------------------------------
(*** score 0)
(*** on)
'((("1d1" "2d2" "1n1" "2n2"))
  ("move" "d1" ("EAST" "PUT"))
  (("1d1" "2d2" "1n1" "2n2"))
  ("move" "d1" ("PUT" "SOUTH"))
  ("+build" ("EAST" "PUT")))
(*** expected)
'("no" "yes")
(*** but received)
'(((pretty fast with-newline plain-unicode) ()))
(FAILED /home/types/4500/github/3555/7/rules-tests-0/1-in.json)
(tested /home/types/4500/18SwDev/Code/7/xrules successfully on 0 cases out of 1)
(testing /home/types/4500/github/3555/7/rules-tests-1/2-in.json /home/types/4500/github/3555/7/rules-tests-1/2-out.json)
(testing /home/types/4500/18SwDev/Code/7/xrules)
(PASSED /home/types/4500/github/3555/7/rules-tests-1/2-in.json)
(tested /home/types/4500/18SwDev/Code/7/xrules successfully on 1 cases out of 1)
(testing /home/types/4500/github/3555/7/rules-tests-2/3-in.json /home/types/4500/github/3555/7/rules-tests-2/3-out.json)
main: +build specification expected, given: '((0 "2d2" "1n1" "2n2") (0 "1d1") (4))
(testing /home/types/4500/18SwDev/Code/7/xrules)
---------------------------------
(*** score 0)
(*** on)
'((("1d1" "2d2" "1n1" "2n2") () (4))
  ("move" "d1" ("PUT" "SOUTH"))
  ((0 "2d2" "1n1" "2n2") (0 "1d1") (4))
  ("move" "d1" ("EAST" "PUT"))
  ("+build" ("PUT" "NORTH")))
(*** expected)
'("yes" "no")
(*** but received)
'(((pretty fast with-newline plain-unicode) ()))
(FAILED /home/types/4500/github/3555/7/rules-tests-2/3-in.json)
(tested /home/types/4500/18SwDev/Code/7/xrules successfully on 0 cases out of 1)
(testing /home/types/4500/github/3555/7/rules-tests-3/4-in.json /home/types/4500/github/3555/7/rules-tests-3/4-out.json)
main: ill-formed board specification given: '(("1d1" 4 "1n1" "2n2"))
  context...:
   /proj/racket/plt-released/recent/collects/racket/match/compiler.rkt:418:15: parse-loop41
   /home/types/4500/18SwDev/Code/7/xrules:43:0: main
(testing /home/types/4500/18SwDev/Code/7/xrules)
---------------------------------
(*** score 0)
(*** on)
'((("1d1" 4 "1n1" "2n2")) ("move" "d1" ("EAST" "PUT")))
(*** expected)
'("no")
(*** but received)
'(((pretty fast with-newline plain-unicode) ()))
(FAILED /home/types/4500/github/3555/7/rules-tests-3/4-in.json)
(tested /home/types/4500/18SwDev/Code/7/xrules successfully on 0 cases out of 1)
(testing /home/types/4500/github/3555/7/rules-tests-4/5-in.json /home/types/4500/github/3555/7/rules-tests-4/5-out.json)
(testing /home/types/4500/18SwDev/Code/7/xrules)
---------------------------------
(*** score 0)
(*** on)
'((("1d1" "2d2" "1n1" "2n2") () (4))
  ("move" "d1" ("PUT" "SOUTH"))
  ("+build" ("EAST" "PUT"))
  ((0 "2d2" "1n1" "2n2") ("1d1") (4))
  ("move" "d1" ("EAST" "SOUTH"))
  ("+build" ("EAST" "NORTH")))
(*** expected)
'("yes" "yes")
(*** but received)
'(((pretty fast with-newline plain-unicode) ("yes")))
(FAILED /home/types/4500/github/3555/7/rules-tests-4/5-in.json)
(tested /home/types/4500/18SwDev/Code/7/xrules successfully on 0 cases out of 1)

