(testing /home/types/4500/18SwDev/Code/7/rules-tests/1-in.json /home/types/4500/18SwDev/Code/7/rules-tests/1-out.json)
(testing /home/types/4500/18SwDev/Code/7/rules-tests/2-in.json /home/types/4500/18SwDev/Code/7/rules-tests/2-out.json)
Exception in thread "main" java.lang.NullPointerException
	at Common.harness.JsonProcessor.processDirectionChange(JsonProcessor.java:196)
	at Common.harness.JsonProcessor.build(JsonProcessor.java:137)
	at Common.harness.JsonClient.processBoardDelegator(JsonClient.java:145)
	at Common.harness.JsonClient.processRulesJson(JsonClient.java:86)
	at Common.harness.RulesHarness.main(RulesHarness.java:27)
(testing /home/types/4500/18SwDev/Code/7/rules-tests/3-in.json /home/types/4500/18SwDev/Code/7/rules-tests/3-out.json)
(testing /home/types/4500/18SwDev/Code/7/rules-tests/4-in.json /home/types/4500/18SwDev/Code/7/rules-tests/4-out.json)
Exception in thread "main" java.lang.IllegalArgumentException: Coordinates specified are outside of board boundary
	at Common.Board.getCell(Board.java:66)
	at Common.Rules.canAddFloor(Rules.java:63)
	at Common.harness.JsonProcessor.canBuild(JsonProcessor.java:125)
	at Common.harness.JsonClient.processRulesDelegator(JsonClient.java:121)
	at Common.harness.JsonClient.processRulesJson(JsonClient.java:84)
	at Common.harness.RulesHarness.main(RulesHarness.java:27)
(testing /home/types/4500/18SwDev/Code/7/rules-tests/5-in.json /home/types/4500/18SwDev/Code/7/rules-tests/5-out.json)
(testing /home/types/4500/github/3555/7/xrules)
(PASSED /home/types/4500/18SwDev/Code/7/rules-tests/1-in.json)
---------------------------------
(*** score 0)
(*** on)
'((("1a1" "2a2") ("2b1" "3b2"))
  ("move" "a2" ("WEST" "SOUTH"))
  ("+build" ("EAST" "NORTH")))
(*** expected)
'("no")
(*** but received)
'(((pretty fast with-newline plain-unicode) ()))
(FAILED /home/types/4500/18SwDev/Code/7/rules-tests/2-in.json)
(PASSED /home/types/4500/18SwDev/Code/7/rules-tests/3-in.json)
---------------------------------
(*** score 0)
(*** on)
'((("1a1" "2a2") ("2b1" "3b2"))
  ("move" "a2" ("EAST" "PUT"))
  ("+build" ("PUT" "NORTH")))
(*** expected)
'("no")
(*** but received)
'(((pretty fast with-newline plain-unicode) ()))
(FAILED /home/types/4500/18SwDev/Code/7/rules-tests/4-in.json)
(PASSED /home/types/4500/18SwDev/Code/7/rules-tests/5-in.json)
(tested /home/types/4500/github/3555/7/xrules successfully on 3 cases out of 5)

