(testing /home/types/4500/github/6636/7/rules-tests-0/1-in.json /home/types/4500/github/6636/7/rules-tests-0/1-out.json)
main: ill-formed board specification given: '((1 2 3 4 1 2) (1 "2w11" "3w21" 4 1 2) (1 "2w12" 3 4 1 2) (1 2 3 4 "2w22" 2))
  context...:
   /proj/racket/plt-released/recent/collects/racket/match/compiler.rkt:418:15: parse-loop41
   /home/types/4500/18SwDev/Code/7/xrules:43:0: main
(testing /home/types/4500/18SwDev/Code/7/xrules)
---------------------------------
(*** score 0)
(*** on)
'(((1 2 3 4 1 2) (1 "2w11" "3w21" 4 1 2) (1 "2w12" 3 4 1 2) (1 2 3 4 "2w22" 2))
  ("move" "w21" ("EAST" "PUT")))
(*** expected)
'("no")
(*** but received)
'(((pretty fast with-newline plain-unicode) ()))
(FAILED /home/types/4500/github/6636/7/rules-tests-0/1-in.json)
(tested /home/types/4500/18SwDev/Code/7/xrules successfully on 0 cases out of 1)
(testing /home/types/4500/github/6636/7/rules-tests-1/2-in.json /home/types/4500/github/6636/7/rules-tests-1/2-out.json)
main: ill-formed board specification given: '((1 2 3 4 1 2) (1 "2w11" "3w21" 4 1 2) (1 "2w12" 3 4 1 2) (1 2 3 4 "2w22" 2))
  context...:
   /proj/racket/plt-released/recent/collects/racket/match/compiler.rkt:418:15: parse-loop41
   /home/types/4500/18SwDev/Code/7/xrules:43:0: main
(testing /home/types/4500/18SwDev/Code/7/xrules)
---------------------------------
(*** score 0)
(*** on)
'(((1 2 3 4 1 2) (1 "2w11" "3w21" 4 1 2) (1 "2w12" 3 4 1 2) (1 2 3 4 "2w22" 2))
  ("move" "w21" ("PUT" "SOUTH"))
  ("+build" "w21" ("PUT" "NORTH")))
(*** expected)
'("no")
(*** but received)
'(((pretty fast with-newline plain-unicode) ()))
(FAILED /home/types/4500/github/6636/7/rules-tests-1/2-in.json)
(tested /home/types/4500/18SwDev/Code/7/xrules successfully on 0 cases out of 1)
(testing /home/types/4500/github/6636/7/rules-tests-2/3-in.json /home/types/4500/github/6636/7/rules-tests-2/3-out.json)
main: ill-formed board specification given: '((1 2 3 4 1 2) (1 "2w11" "3w21" 4 1 2) (1 "2w12" 3 4 1 2) (1 2 3 4 "2w22" 2))
  context...:
   /proj/racket/plt-released/recent/collects/racket/match/compiler.rkt:418:15: parse-loop41
   /home/types/4500/18SwDev/Code/7/xrules:43:0: main
(testing /home/types/4500/18SwDev/Code/7/xrules)
---------------------------------
(*** score 0)
(*** on)
'(((1 2 3 4 1 2) (1 "2w11" "3w21" 4 1 2) (1 "2w12" 3 4 1 2) (1 2 3 4 "2w22" 2))
  ("move" "w21" ("WEST" "PUT")))
(*** expected)
'("no")
(*** but received)
'(((pretty fast with-newline plain-unicode) ()))
(FAILED /home/types/4500/github/6636/7/rules-tests-2/3-in.json)
(tested /home/types/4500/18SwDev/Code/7/xrules successfully on 0 cases out of 1)
(testing /home/types/4500/github/6636/7/rules-tests-3/4-in.json /home/types/4500/github/6636/7/rules-tests-3/4-out.json)
main: ill-formed board specification given: '((1 2 3 4 1 2) (1 "2w11" "3w21" 4 1 2) (1 "2w12" 3 4 1 2) (1 2 3 4 "2w22" 2))
  context...:
   /proj/racket/plt-released/recent/collects/racket/match/compiler.rkt:418:15: parse-loop41
   /home/types/4500/18SwDev/Code/7/xrules:43:0: main
(testing /home/types/4500/18SwDev/Code/7/xrules)
---------------------------------
(*** score 0)
(*** on)
'(((1 2 3 4 1 2) (1 "2w11" "3w21" 4 1 2) (1 "2w12" 3 4 1 2) (1 2 3 4 "2w22" 2))
  ("move" "w11" ("PUT" "PUT")))
(*** expected)
'("no")
(*** but received)
'(((pretty fast with-newline plain-unicode) ()))
(FAILED /home/types/4500/github/6636/7/rules-tests-3/4-in.json)
(tested /home/types/4500/18SwDev/Code/7/xrules successfully on 0 cases out of 1)
(testing /home/types/4500/github/6636/7/rules-tests-4/5-in.json /home/types/4500/github/6636/7/rules-tests-4/5-out.json)
main: ill-formed board specification given: '((1 2 3 4 1 2) (1 "2w11" "3w21" 4 1 2) (1 "2w12" 3 4 1 2) (1 2 3 3 "1w22" 2))
  context...:
   /proj/racket/plt-released/recent/collects/racket/match/compiler.rkt:418:15: parse-loop41
   /home/types/4500/18SwDev/Code/7/xrules:43:0: main
(testing /home/types/4500/18SwDev/Code/7/xrules)
---------------------------------
(*** score 0)
(*** on)
'(((1 2 3 4 1 2) (1 "2w11" "3w21" 4 1 2) (1 "2w12" 3 4 1 2) (1 2 3 3 "1w22" 2))
  ("move" "w22" ("WEST" "PUT")))
(*** expected)
'("no")
(*** but received)
'(((pretty fast with-newline plain-unicode) ()))
(FAILED /home/types/4500/github/6636/7/rules-tests-4/5-in.json)
(tested /home/types/4500/18SwDev/Code/7/xrules successfully on 0 cases out of 1)

