(testing /home/types/4500/github/8940/7/rules-tests-0/1-in.json /home/types/4500/github/8940/7/rules-tests-0/1-out.json)
main: ill-formed board specification given: '(("1ian1" 0 1 2 0 "2huang1") (1 1 1 1 1 1) (1 1 1 2 "0hy2" 1) (0 0 0 0 "1ko2" 0) (1 1 1 1 1 1) (1 1 1 1 1 1))
  context...:
   /proj/racket/plt-released/recent/collects/racket/match/compiler.rkt:418:15: parse-loop41
   /home/types/4500/18SwDev/Code/7/xrules:43:0: main
(testing /home/types/4500/18SwDev/Code/7/xrules)
(/home/types/4500/github/8940/7/rules-tests-0/1-out.json is not a JSON file)
---------------------------------
(*** score 0)
(*** on)
'((("1ian1" 0 1 2 0 "2huang1")
   (1 1 1 1 1 1)
   (1 1 1 2 "0hy2" 1)
   (0 0 0 0 "1ko2" 0)
   (1 1 1 1 1 1)
   (1 1 1 1 1 1))
  ("move" "hy2" ("EAST" "PUT"))
  ("+build" ("PUT" "NORTH")))
(*** expected)
#f
(*** but received)
'(((pretty fast with-newline plain-unicode) ()))
(FAILED /home/types/4500/github/8940/7/rules-tests-0/1-in.json)
(tested /home/types/4500/18SwDev/Code/7/xrules successfully on 0 cases out of 1)
(testing /home/types/4500/github/8940/7/rules-tests-1/2-in.json /home/types/4500/github/8940/7/rules-tests-1/2-out.json)
main: ill-formed board specification given: '(("1ian1" 0 1 2 0 "2huang1") (1 1 1 1 1 1) (1 1 1 2 "0hy2" 1) (0 0 0 0 "1ko2" 0) (1 1 1 1 1 1) (1 1 1 1 1 1))
  context...:
   /proj/racket/plt-released/recent/collects/racket/match/compiler.rkt:418:15: parse-loop41
   /home/types/4500/18SwDev/Code/7/xrules:43:0: main
(testing /home/types/4500/18SwDev/Code/7/xrules)
(/home/types/4500/github/8940/7/rules-tests-1/2-out.json is not a JSON file)
---------------------------------
(*** score 0)
(*** on)
'((("1ian1" 0 1 2 0 "2huang1")
   (1 1 1 1 1 1)
   (1 1 1 2 "0hy2" 1)
   (0 0 0 0 "1ko2" 0)
   (1 1 1 1 1 1)
   (1 1 1 1 1 1))
  ("move" "hy2" ("PUT" "SOUTH"))
  ("+build" ("PUT" "NORTH")))
(*** expected)
#f
(*** but received)
'(((pretty fast with-newline plain-unicode) ()))
(FAILED /home/types/4500/github/8940/7/rules-tests-1/2-in.json)
(tested /home/types/4500/18SwDev/Code/7/xrules successfully on 0 cases out of 1)
(testing /home/types/4500/github/8940/7/rules-tests-2/3-in.json /home/types/4500/github/8940/7/rules-tests-2/3-out.json)
main: ill-formed board specification given: '(("1ian1" 0 1 2 0 "2huang1") (1 1 1 1 1 1) (1 1 1 2 "0hy2" 1) (0 0 0 0 "1ko2" 0) (1 1 1 1 1 1) (1 1 1 1 1 1))
  context...:
   /proj/racket/plt-released/recent/collects/racket/match/compiler.rkt:418:15: parse-loop41
   /home/types/4500/18SwDev/Code/7/xrules:43:0: main
(testing /home/types/4500/18SwDev/Code/7/xrules)
(/home/types/4500/github/8940/7/rules-tests-2/3-out.json is not a JSON file)
---------------------------------
(*** score 0)
(*** on)
'((("1ian1" 0 1 2 0 "2huang1")
   (1 1 1 1 1 1)
   (1 1 1 2 "0hy2" 1)
   (0 0 0 0 "1ko2" 0)
   (1 1 1 1 1 1)
   (1 1 1 1 1 1))
  ("move" "hy2" ("WEST" "PUT"))
  ("+build" ("PUT" "NORTH")))
(*** expected)
#f
(*** but received)
'(((pretty fast with-newline plain-unicode) ()))
(FAILED /home/types/4500/github/8940/7/rules-tests-2/3-in.json)
(tested /home/types/4500/18SwDev/Code/7/xrules successfully on 0 cases out of 1)
(testing /home/types/4500/github/8940/7/rules-tests-3/4-in.json /home/types/4500/github/8940/7/rules-tests-3/4-out.json)
main: ill-formed board specification given: '(("1ian1" 2 1 2 0 "2huang1") (1 3 1 1 1 1) (1 1 1 2 "0hy2" 1) (0 0 0 0 "1ko2" 0) (1 1 1 1 1 1) (1 1 1 1 1 1))
  context...:
   /proj/racket/plt-released/recent/collects/racket/match/compiler.rkt:418:15: parse-loop41
   /home/types/4500/18SwDev/Code/7/xrules:43:0: main
(testing /home/types/4500/18SwDev/Code/7/xrules)
(/home/types/4500/github/8940/7/rules-tests-3/4-out.json is not a JSON file)
---------------------------------
(*** score 0)
(*** on)
'((("1ian1" 2 1 2 0 "2huang1")
   (1 3 1 1 1 1)
   (1 1 1 2 "0hy2" 1)
   (0 0 0 0 "1ko2" 0)
   (1 1 1 1 1 1)
   (1 1 1 1 1 1))
  ("move" "ian1" ("EAST" "PUT"))
  ("+build" ("PUT" "SOUTH")))
(*** expected)
#f
(*** but received)
'(((pretty fast with-newline plain-unicode) ()))
(FAILED /home/types/4500/github/8940/7/rules-tests-3/4-in.json)
(tested /home/types/4500/18SwDev/Code/7/xrules successfully on 0 cases out of 1)
(testing /home/types/4500/github/8940/7/rules-tests-4/5-in.json /home/types/4500/github/8940/7/rules-tests-4/5-out.json)
main: ill-formed board specification given: '(("1ian1" 0 4 2 0 "2huang1") (1 1 1 1 1 1) (1 1 1 2 "0hy2" 1) (0 0 0 0 "1ko2" 0) (1 1 1 1 1 1) (1 1 1 1 1 1))
  context...:
   /proj/racket/plt-released/recent/collects/racket/match/compiler.rkt:418:15: parse-loop41
   /home/types/4500/18SwDev/Code/7/xrules:43:0: main
(testing /home/types/4500/18SwDev/Code/7/xrules)
(/home/types/4500/github/8940/7/rules-tests-4/5-out.json is not a JSON file)
---------------------------------
(*** score 0)
(*** on)
'((("1ian1" 0 4 2 0 "2huang1")
   (1 1 1 1 1 1)
   (1 1 1 2 "0hy2" 1)
   (0 0 0 0 "1ko2" 0)
   (1 1 1 1 1 1)
   (1 1 1 1 1 1))
  ("move" "hy2" ("EAST" "PUT"))
  ("+build" ("WEST" "NORTH")))
(*** expected)
#f
(*** but received)
'(((pretty fast with-newline plain-unicode) ()))
(FAILED /home/types/4500/github/8940/7/rules-tests-4/5-in.json)
(tested /home/types/4500/18SwDev/Code/7/xrules successfully on 0 cases out of 1)

