(testing /home/types/4500/github/5003/7/rules-tests-0/1-in.json /home/types/4500/github/5003/7/rules-tests-0/1-out.json)
main: ill-formed board specification given: '(("0worker1"))
  context...:
   /proj/racket/plt-released/recent/collects/racket/match/compiler.rkt:418:15: parse-loop41
   /home/types/4500/18SwDev/Code/7/xrules:43:0: main
(testing /home/types/4500/18SwDev/Code/7/xrules)
---------------------------------
(*** score 0)
(*** on)
'((("0worker1")) ("move" "worker1" ("PUT" "SOUTH")) ("+build" ("WEST" "PUT")))
(*** expected)
'("no")
(*** but received)
'(((pretty fast with-newline plain-unicode) ()))
(FAILED /home/types/4500/github/5003/7/rules-tests-0/1-in.json)
(tested /home/types/4500/18SwDev/Code/7/xrules successfully on 0 cases out of 1)
(testing /home/types/4500/github/5003/7/rules-tests-1/2-in.json /home/types/4500/github/5003/7/rules-tests-1/2-out.json)
(testing /home/types/4500/18SwDev/Code/7/xrules)
(PASSED /home/types/4500/github/5003/7/rules-tests-1/2-in.json)
(tested /home/types/4500/18SwDev/Code/7/xrules successfully on 1 cases out of 1)
(testing /home/types/4500/github/5003/7/rules-tests-2/3-in.json /home/types/4500/github/5003/7/rules-tests-2/3-out.json)
(testing /home/types/4500/18SwDev/Code/7/xrules)
(PASSED /home/types/4500/github/5003/7/rules-tests-2/3-in.json)
(tested /home/types/4500/18SwDev/Code/7/xrules successfully on 1 cases out of 1)
(testing /home/types/4500/github/5003/7/rules-tests-3/4-in.json /home/types/4500/github/5003/7/rules-tests-3/4-out.json)
main: ill-formed board specification given: '((4 "1tim1") (3 0) (2 "2tim2") (2 "0tom1"))
  context...:
   /proj/racket/plt-released/recent/collects/racket/match/compiler.rkt:418:15: parse-loop41
   /home/types/4500/18SwDev/Code/7/xrules:43:0: main
(testing /home/types/4500/18SwDev/Code/7/xrules)
---------------------------------
(*** score 0)
(*** on)
'(((4 "1tim1") (3 0) (2 "2tim2") (2 "0tom1"))
  ("move" "tim2" ("PUT" "NORTH"))
  ("+build" ("WEST" "PUT")))
(*** expected)
'("yes")
(*** but received)
'(((pretty fast with-newline plain-unicode) ()))
(FAILED /home/types/4500/github/5003/7/rules-tests-3/4-in.json)
(tested /home/types/4500/18SwDev/Code/7/xrules successfully on 0 cases out of 1)
(testing /home/types/4500/github/5003/7/rules-tests-4/5-in.json /home/types/4500/github/5003/7/rules-tests-4/5-out.json)
main: ill-formed board specification given: '(("0tim1") (0 "0tim2"))
  context...:
   /proj/racket/plt-released/recent/collects/racket/match/compiler.rkt:418:15: parse-loop41
   /home/types/4500/18SwDev/Code/7/xrules:43:0: main
(testing /home/types/4500/18SwDev/Code/7/xrules)
---------------------------------
(*** score 0)
(*** on)
'((("0tim1") (0 "0tim2"))
  ("move" "tim1" ("EAST" "PUT"))
  ("+build" ("PUT" "SOUTH")))
(*** expected)
'("no")
(*** but received)
'(((pretty fast with-newline plain-unicode) ()))
(FAILED /home/types/4500/github/5003/7/rules-tests-4/5-in.json)
(tested /home/types/4500/18SwDev/Code/7/xrules successfully on 0 cases out of 1)

